#
# There is insufficient memory for the Java Runtime Environment to continue.
# Native memory allocation (mmap) failed to map 489684992 bytes for Failed to commit area from 0x0000000092700000 to 0x00000000afa00000 of length 489684992.
# Possible reasons:
#   The system is out of physical RAM or swap space
#   The process is running with CompressedOops enabled, and the Java Heap may be blocking the growth of the native heap
# Possible solutions:
#   Reduce memory load on the system
#   Increase physical memory or swap space
#   Check if swap backing store is full
#   Decrease Java heap size (-Xmx/-Xms)
#   Decrease number of Java threads
#   Decrease Java thread stack sizes (-Xss)
#   Set larger code cache with -XX:ReservedCodeCacheSize=
#   JVM is running with Unscaled Compressed Oops mode in which the Java heap is
#     placed in the first 4GB address space. The Java Heap base address is the
#     maximum limit for the native heap growth. Please use -XX:HeapBaseMinAddress
#     to set the Java Heap base and to place the Java Heap above 4GB virtual address.
# This output file may be truncated or incomplete.
#
#  Out of Memory Error (./src/hotspot/os/windows/os_windows.cpp:3521), pid=43924, tid=42100
#
# JRE version: OpenJDK Runtime Environment JBR-11.0.12.7-1504.40-jcef (11.0.12+7) (build 11.0.12+7-b1504.40)
# Java VM: OpenJDK 64-Bit Server VM JBR-11.0.12.7-1504.40-jcef (11.0.12+7-b1504.40, mixed mode, tiered, compressed oops, g1 gc, windows-amd64)
# No core dump will be written. Minidumps are not enabled by default on client versions of Windows
#

---------------  S U M M A R Y ------------

Command Line: -Djava.rmi.server.hostname=127.0.0.1 -Duser.timezone=UTC -Xmx2029m -Xms128m -Dfile.encoding=UTF-8 com.intellij.database.remote.RemoteJdbcServer com.dbschema.MongoJdbcDriver

Host: Intel(R) Core(TM) i7-8750H CPU @ 2.20GHz, 12 cores, 15G,  Windows 10 , 64 bit Build 22494 (10.0.22494.1000)
Time: Wed Nov 10 22:38:30 2021 GTB Standart Saati elapsed time: 15.886508 seconds (0d 0h 0m 15s)

---------------  T H R E A D  ---------------

Current thread (0x000001f77ccda800):  VMThread "VM Thread" [stack: 0x000000f4fb600000,0x000000f4fb700000] [id=42100]

Stack: [0x000000f4fb600000,0x000000f4fb700000]
[error occurred during error reporting (printing stack bounds), id 0xc0000005, EXCEPTION_ACCESS_VIOLATION (0xc0000005) at pc=0x000001f70000112d]

Native frames: (J=compiled Java code, j=interpreted, Vv=VM code, C=native code)
V  [jvm.dll+0x5ff40a]
V  [jvm.dll+0x783b65]
V  [jvm.dll+0x78517d]
V  [jvm.dll+0x785795]
V  [jvm.dll+0x78574b]
V  [jvm.dll+0x5fe7a0]
V  [jvm.dll+0x5fef38]
C  [ntdll.dll+0xa64cf]
C  [ntdll.dll+0x13b76]
C  [ntdll.dll+0xa54be]
C  0x000001f70000112d

VM_Operation (0x000000f4fc8f7ca0): G1CollectForAllocation, mode: safepoint, requested by thread 0x000001f77ecd7000


---------------  P R O C E S S  ---------------

Threads class SMR info:
_java_thread_list=0x000001f77de0e9d0, length=22, elements={
0x000001f76f3b3000, 0x000001f77ccdd800, 0x000001f77ccdf000, 0x000001f77d546800,
0x000001f77d548000, 0x000001f77d54b000, 0x000001f77d550000, 0x000001f77d553800,
0x000001f77d554800, 0x000001f77d6cf800, 0x000001f77d6e0000, 0x000001f77dae9800,
0x000001f77db4d800, 0x000001f77db4e000, 0x000001f77dc7f800, 0x000001f77ecd7000,
0x000001f77db8d000, 0x000001f77e93f000, 0x000001f77eaee800, 0x000001f77d6fd000,
0x000001f77ec69800, 0x000001f77eada800
}

Java Threads: ( => current thread )
  0x000001f76f3b3000 JavaThread "main" [_thread_blocked, id=3332, stack(0x000000f4fb000000,0x000000f4fb100000)]
  0x000001f77ccdd800 JavaThread "Reference Handler" daemon [_thread_blocked, id=30652, stack(0x000000f4fb700000,0x000000f4fb800000)]
  0x000001f77ccdf000 JavaThread "Finalizer" daemon [_thread_blocked, id=43604, stack(0x000000f4fb800000,0x000000f4fb900000)]
  0x000001f77d546800 JavaThread "Signal Dispatcher" daemon [_thread_blocked, id=14840, stack(0x000000f4fb900000,0x000000f4fba00000)]
  0x000001f77d548000 JavaThread "Attach Listener" daemon [_thread_blocked, id=43344, stack(0x000000f4fba00000,0x000000f4fbb00000)]
  0x000001f77d54b000 JavaThread "Service Thread" daemon [_thread_blocked, id=41200, stack(0x000000f4fbb00000,0x000000f4fbc00000)]
  0x000001f77d550000 JavaThread "C2 CompilerThread0" daemon [_thread_in_native, id=20148, stack(0x000000f4fbc00000,0x000000f4fbd00000)]
  0x000001f77d553800 JavaThread "C1 CompilerThread0" daemon [_thread_blocked, id=33464, stack(0x000000f4fbd00000,0x000000f4fbe00000)]
  0x000001f77d554800 JavaThread "Sweeper thread" daemon [_thread_blocked, id=36208, stack(0x000000f4fbe00000,0x000000f4fbf00000)]
  0x000001f77d6cf800 JavaThread "Common-Cleaner" daemon [_thread_blocked, id=36976, stack(0x000000f4fc000000,0x000000f4fc100000)]
  0x000001f77d6e0000 JavaThread "RMI TCP Accept-20167" daemon [_thread_in_native, id=34748, stack(0x000000f4fc100000,0x000000f4fc200000)]
  0x000001f77dae9800 JavaThread "RMI TCP Accept-0" daemon [_thread_in_native, id=36172, stack(0x000000f4fc200000,0x000000f4fc300000)]
  0x000001f77db4d800 JavaThread "RMI Reaper" [_thread_blocked, id=39908, stack(0x000000f4fc300000,0x000000f4fc400000)]
  0x000001f77db4e000 JavaThread "RMI GC Daemon" daemon [_thread_blocked, id=12772, stack(0x000000f4fc400000,0x000000f4fc500000)]
  0x000001f77dc7f800 JavaThread "RMI TCP Connection(1)-127.0.0.1" daemon [_thread_in_native, id=39984, stack(0x000000f4fc700000,0x000000f4fc800000)]
  0x000001f77ecd7000 JavaThread "RMI TCP Connection(2)-127.0.0.1" daemon [_thread_blocked, id=37628, stack(0x000000f4fc800000,0x000000f4fc900000)]
  0x000001f77db8d000 JavaThread "RMI Scheduler(0)" daemon [_thread_blocked, id=37972, stack(0x000000f4fc900000,0x000000f4fca00000)]
  0x000001f77e93f000 JavaThread "cluster-ClusterId{value='618c2db7210f8f458379649c', description='null'}-localhost:27017" daemon [_thread_blocked, id=42460, stack(0x000000f4fca00000,0x000000f4fcb00000)]
  0x000001f77eaee800 JavaThread "cluster-rtt-ClusterId{value='618c2db7210f8f458379649c', description='null'}-localhost:27017" daemon [_thread_blocked, id=28908, stack(0x000000f4fcb00000,0x000000f4fcc00000)]
  0x000001f77d6fd000 JavaThread "RMI TCP Connection(3)-127.0.0.1" daemon [_thread_in_native, id=39128, stack(0x000000f4fc500000,0x000000f4fc600000)]
  0x000001f77ec69800 JavaThread "C2 CompilerThread1" daemon [_thread_blocked, id=40824, stack(0x000000f4fd100000,0x000000f4fd200000)]
  0x000001f77eada800 JavaThread "C2 CompilerThread2" daemon [_thread_in_native, id=38128, stack(0x000000f4fd200000,0x000000f4fd300000)]

Other Threads:
=>0x000001f77ccda800 VMThread "VM Thread" [stack: 0x000000f4fb600000,0x000000f4fb700000] [id=42100]
  0x000001f77d6e1800 WatcherThread [stack: 0x000000f4fbf00000,0x000000f4fc000000] [id=33168]
  0x000001f76f3cd800 GCTaskThread "GC Thread#0" [stack: 0x000000f4fb100000,0x000000f4fb200000] [id=38676]
  0x000001f77dbd2800 GCTaskThread "GC Thread#1" [stack: 0x000000f4fc600000,0x000000f4fc700000] [id=36728]
  0x000001f77ecd2800 GCTaskThread "GC Thread#2" [stack: 0x000000f4fcd00000,0x000000f4fce00000] [id=39500]
  0x000001f77ecd3000 GCTaskThread "GC Thread#3" [stack: 0x000000f4fce00000,0x000000f4fcf00000] [id=31032]
  0x000001f70fd5f800 GCTaskThread "GC Thread#4" [stack: 0x000000f4fdb00000,0x000000f4fdc00000] [id=39980]
  0x000001f7121bf000 GCTaskThread "GC Thread#5" [stack: 0x000000f4fdc00000,0x000000f4fdd00000] [id=25032]
  0x000001f76f401000 ConcurrentGCThread "G1 Main Marker" [stack: 0x000000f4fb200000,0x000000f4fb300000] [id=41108]
  0x000001f76f403800 ConcurrentGCThread "G1 Conc#0" [stack: 0x000000f4fb300000,0x000000f4fb400000] [id=43652]
  0x000001f77d67c000 ConcurrentGCThread "G1 Conc#1" [stack: 0x000000f4fcf00000,0x000000f4fd000000] [id=41024]
  0x000001f77d67c800 ConcurrentGCThread "G1 Conc#2" [stack: 0x000000f4fd000000,0x000000f4fd100000] [id=41152]
  0x000001f76f47e800 ConcurrentGCThread "G1 Refine#0" [stack: 0x000000f4fb400000,0x000000f4fb500000] [id=38732]
  0x000001f77ec8e800 ConcurrentGCThread "G1 Refine#1" [stack: 0x000000f4fd300000,0x000000f4fd400000] [id=15828]
  0x000001f710227800 ConcurrentGCThread "G1 Refine#2" [stack: 0x000000f4fd400000,0x000000f4fd500000] [id=41256]
  0x000001f77ed79000 ConcurrentGCThread "G1 Refine#3" [stack: 0x000000f4fd500000,0x000000f4fd600000] [id=41844]
  0x000001f77ed7a000 ConcurrentGCThread "G1 Refine#4" [stack: 0x000000f4fd600000,0x000000f4fd700000] [id=43944]
  0x000001f77f141800 ConcurrentGCThread "G1 Refine#5" [stack: 0x000000f4fd700000,0x000000f4fd800000] [id=41216]
  0x000001f77f142000 ConcurrentGCThread "G1 Refine#6" [stack: 0x000000f4fd800000,0x000000f4fd900000] [id=40172]
  0x000001f70fe09800 ConcurrentGCThread "G1 Refine#7" [stack: 0x000000f4fd900000,0x000000f4fda00000] [id=41264]
  0x000001f77f143000 ConcurrentGCThread "G1 Refine#8" [stack: 0x000000f4fda00000,0x000000f4fdb00000] [id=39188]
  0x000001f77cb25000 ConcurrentGCThread "G1 Young RemSet Sampling" [stack: 0x000000f4fb500000,0x000000f4fb600000] [id=29760]

Threads with active compile tasks:
C2 CompilerThread0  15909 5647       4       com.oracle.truffle.js.nodes.access.ReadElementNode::execute (22 bytes)
C2 CompilerThread1  15909 5917       4       com.oracle.truffle.js.nodes.array.JSArrayElementIndexNode::isArray (33 bytes)
C2 CompilerThread2  15909 5645   !   4       com.oracle.truffle.js.nodes.access.ReadElementNode::executeWithTarget (151 bytes)

VM state:at safepoint (normal execution)

VM Mutex/Monitor currently owned by a thread:  ([mutex/lock_event])
[0x000001f76f3a2bf0] Threads_lock - owner thread: 0x000001f77ccda800
[0x000001f76f3b00c0] Heap_lock - owner thread: 0x000001f77ecd7000

Heap address: 0x0000000081200000, size: 2030 MB, Compressed Oops mode: 32-bit
Narrow klass base: 0x0000000000000000, Narrow klass shift: 3
Compressed class space size: 1073741824 Address: 0x0000000100000000

Heap:
 garbage-first heap   total 761856K, used 164371K [0x0000000081200000, 0x0000000100000000)
  region size 1024K, 6 young (6144K), 6 survivors (6144K)
 Metaspace       used 40217K, capacity 40921K, committed 41136K, reserved 1085440K
  class space    used 4256K, capacity 4561K, committed 4608K, reserved 1048576K
Heap Regions: E=young(eden), S=young(survivor), O=old, HS=humongous(starts), HC=humongous(continues), CS=collection set, F=free, A=archive, TAMS=top-at-mark-start (previous, next)
|   0|0x0000000081200000, 0x0000000081300000, 0x0000000081300000|100%|HS|  |TAMS 0x0000000081300000, 0x0000000081200000| Complete 
|   1|0x0000000081300000, 0x0000000081400000, 0x0000000081400000|100%|HS|  |TAMS 0x0000000081400000, 0x0000000081300000| Complete 
|   2|0x0000000081400000, 0x0000000081500000, 0x0000000081500000|100%|HC|  |TAMS 0x0000000081500000, 0x0000000081400000| Complete 
|   3|0x0000000081500000, 0x0000000081600000, 0x0000000081600000|100%| O|  |TAMS 0x0000000081600000, 0x0000000081500000| Untracked 
|   4|0x0000000081600000, 0x0000000081700000, 0x0000000081700000|100%| O|  |TAMS 0x0000000081700000, 0x0000000081600000| Complete 
|   5|0x0000000081700000, 0x0000000081800000, 0x0000000081800000|100%| O|  |TAMS 0x0000000081800000, 0x0000000081700000| Complete 
|   6|0x0000000081800000, 0x0000000081900000, 0x0000000081900000|100%| O|  |TAMS 0x0000000081900000, 0x0000000081800000| Complete 
|   7|0x0000000081900000, 0x0000000081a00000, 0x0000000081a00000|100%| O|  |TAMS 0x0000000081a00000, 0x0000000081900000| Complete 
|   8|0x0000000081a00000, 0x0000000081b00000, 0x0000000081b00000|100%| O|  |TAMS 0x0000000081b00000, 0x0000000081a00000| Complete 
|   9|0x0000000081b00000, 0x0000000081c00000, 0x0000000081c00000|100%| O|  |TAMS 0x0000000081c00000, 0x0000000081b00000| Complete 
|  10|0x0000000081c00000, 0x0000000081d00000, 0x0000000081d00000|100%| O|  |TAMS 0x0000000081d00000, 0x0000000081c00000| Complete 
|  11|0x0000000081d00000, 0x0000000081e00000, 0x0000000081e00000|100%| O|  |TAMS 0x0000000081e00000, 0x0000000081d00000| Complete 
|  12|0x0000000081e00000, 0x0000000081f00000, 0x0000000081f00000|100%| O|  |TAMS 0x0000000081f00000, 0x0000000081e00000| Complete 
|  13|0x0000000081f00000, 0x0000000082000000, 0x0000000082000000|100%| O|  |TAMS 0x0000000082000000, 0x0000000081f00000| Untracked 
|  14|0x0000000082000000, 0x0000000082100000, 0x0000000082100000|100%| O|  |TAMS 0x0000000082100000, 0x0000000082000000| Complete 
|  15|0x0000000082100000, 0x0000000082200000, 0x0000000082200000|100%| O|  |TAMS 0x0000000082200000, 0x0000000082100000| Complete 
|  16|0x0000000082200000, 0x0000000082300000, 0x0000000082300000|100%| O|  |TAMS 0x0000000082300000, 0x0000000082200000| Complete 
|  17|0x0000000082300000, 0x0000000082400000, 0x0000000082400000|100%| O|  |TAMS 0x0000000082400000, 0x0000000082300000| Complete 
|  18|0x0000000082400000, 0x0000000082500000, 0x0000000082500000|100%| O|  |TAMS 0x0000000082500000, 0x0000000082400000| Complete 
|  19|0x0000000082500000, 0x0000000082500000, 0x0000000082600000|  0%| F|  |TAMS 0x0000000082500000, 0x0000000082500000| Untracked 
|  20|0x0000000082600000, 0x0000000082600000, 0x0000000082700000|  0%| F|  |TAMS 0x0000000082600000, 0x0000000082600000| Untracked 
|  21|0x0000000082700000, 0x0000000082700000, 0x0000000082800000|  0%| F|  |TAMS 0x0000000082700000, 0x0000000082700000| Untracked 
|  22|0x0000000082800000, 0x0000000082800000, 0x0000000082900000|  0%| F|  |TAMS 0x0000000082800000, 0x0000000082800000| Untracked 
|  23|0x0000000082900000, 0x0000000082900000, 0x0000000082a00000|  0%| F|  |TAMS 0x0000000082900000, 0x0000000082900000| Untracked 
|  24|0x0000000082a00000, 0x0000000082a00000, 0x0000000082b00000|  0%| F|  |TAMS 0x0000000082a00000, 0x0000000082a00000| Untracked 
|  25|0x0000000082b00000, 0x0000000082b00000, 0x0000000082c00000|  0%| F|  |TAMS 0x0000000082b00000, 0x0000000082b00000| Untracked 
|  26|0x0000000082c00000, 0x0000000082c00000, 0x0000000082d00000|  0%| F|  |TAMS 0x0000000082c00000, 0x0000000082c00000| Untracked 
|  27|0x0000000082d00000, 0x0000000082d00000, 0x0000000082e00000|  0%| F|  |TAMS 0x0000000082d00000, 0x0000000082d00000| Untracked 
|  28|0x0000000082e00000, 0x0000000082e00000, 0x0000000082f00000|  0%| F|  |TAMS 0x0000000082e00000, 0x0000000082e00000| Untracked 
|  29|0x0000000082f00000, 0x0000000082f00000, 0x0000000083000000|  0%| F|  |TAMS 0x0000000082f00000, 0x0000000082f00000| Untracked 
|  30|0x0000000083000000, 0x0000000083000000, 0x0000000083100000|  0%| F|  |TAMS 0x0000000083000000, 0x0000000083000000| Untracked 
|  31|0x0000000083100000, 0x0000000083100000, 0x0000000083200000|  0%| F|  |TAMS 0x0000000083100000, 0x0000000083100000| Untracked 
|  32|0x0000000083200000, 0x0000000083200000, 0x0000000083300000|  0%| F|  |TAMS 0x0000000083200000, 0x0000000083200000| Untracked 
|  33|0x0000000083300000, 0x0000000083300000, 0x0000000083400000|  0%| F|  |TAMS 0x0000000083300000, 0x0000000083300000| Untracked 
|  34|0x0000000083400000, 0x0000000083500000, 0x0000000083500000|100%| O|  |TAMS 0x0000000083500000, 0x0000000083400000| Complete 
|  35|0x0000000083500000, 0x0000000083600000, 0x0000000083600000|100%| O|  |TAMS 0x0000000083600000, 0x0000000083500000| Complete 
|  36|0x0000000083600000, 0x0000000083700000, 0x0000000083700000|100%| O|  |TAMS 0x0000000083700000, 0x0000000083600000| Complete 
|  37|0x0000000083700000, 0x0000000083800000, 0x0000000083800000|100%| O|  |TAMS 0x0000000083800000, 0x0000000083700000| Complete 
|  38|0x0000000083800000, 0x0000000083900000, 0x0000000083900000|100%| O|  |TAMS 0x0000000083900000, 0x0000000083800000| Complete 
|  39|0x0000000083900000, 0x0000000083a00000, 0x0000000083a00000|100%| O|  |TAMS 0x0000000083a00000, 0x0000000083900000| Complete 
|  40|0x0000000083a00000, 0x0000000083b00000, 0x0000000083b00000|100%| O|  |TAMS 0x0000000083b00000, 0x0000000083a00000| Complete 
|  41|0x0000000083b00000, 0x0000000083c00000, 0x0000000083c00000|100%| O|  |TAMS 0x0000000083c00000, 0x0000000083b00000| Complete 
|  42|0x0000000083c00000, 0x0000000083d00000, 0x0000000083d00000|100%| O|  |TAMS 0x0000000083c00000, 0x0000000083c00000| Untracked 
|  43|0x0000000083d00000, 0x0000000083e00000, 0x0000000083e00000|100%| O|  |TAMS 0x0000000083e00000, 0x0000000083d00000| Complete 
|  44|0x0000000083e00000, 0x0000000083f00000, 0x0000000083f00000|100%| O|  |TAMS 0x0000000083f00000, 0x0000000083e00000| Complete 
|  45|0x0000000083f00000, 0x0000000084000000, 0x0000000084000000|100%| O|  |TAMS 0x0000000084000000, 0x0000000083f00000| Complete 
|  46|0x0000000084000000, 0x0000000084100000, 0x0000000084100000|100%| O|  |TAMS 0x0000000084100000, 0x0000000084000000| Complete 
|  47|0x0000000084100000, 0x0000000084200000, 0x0000000084200000|100%| O|  |TAMS 0x0000000084200000, 0x0000000084100000| Complete 
|  48|0x0000000084200000, 0x0000000084300000, 0x0000000084300000|100%| O|  |TAMS 0x0000000084300000, 0x0000000084200000| Complete 
|  49|0x0000000084300000, 0x0000000084400000, 0x0000000084400000|100%| O|  |TAMS 0x0000000084400000, 0x0000000084300000| Untracked 
|  50|0x0000000084400000, 0x0000000084500000, 0x0000000084500000|100%| O|  |TAMS 0x0000000084500000, 0x0000000084400000| Untracked 
|  51|0x0000000084500000, 0x0000000084600000, 0x0000000084600000|100%| O|  |TAMS 0x0000000084600000, 0x0000000084500000| Complete 
|  52|0x0000000084600000, 0x0000000084700000, 0x0000000084700000|100%| O|  |TAMS 0x0000000084700000, 0x0000000084600000| Untracked 
|  53|0x0000000084700000, 0x0000000084800000, 0x0000000084800000|100%| O|  |TAMS 0x0000000084800000, 0x0000000084700000| Untracked 
|  54|0x0000000084800000, 0x0000000084900000, 0x0000000084900000|100%| O|  |TAMS 0x0000000084900000, 0x0000000084800000| Untracked 
|  55|0x0000000084900000, 0x0000000084a00000, 0x0000000084a00000|100%| O|  |TAMS 0x0000000084a00000, 0x0000000084900000| Untracked 
|  56|0x0000000084a00000, 0x0000000084b00000, 0x0000000084b00000|100%| O|  |TAMS 0x0000000084b00000, 0x0000000084a00000| Untracked 
|  57|0x0000000084b00000, 0x0000000084c00000, 0x0000000084c00000|100%| O|  |TAMS 0x0000000084c00000, 0x0000000084b00000| Untracked 
|  58|0x0000000084c00000, 0x0000000084d00000, 0x0000000084d00000|100%| O|  |TAMS 0x0000000084d00000, 0x0000000084c00000| Untracked 
|  59|0x0000000084d00000, 0x0000000084e00000, 0x0000000084e00000|100%| O|  |TAMS 0x0000000084e00000, 0x0000000084d00000| Untracked 
|  60|0x0000000084e00000, 0x0000000084f00000, 0x0000000084f00000|100%| O|  |TAMS 0x0000000084f00000, 0x0000000084e00000| Untracked 
|  61|0x0000000084f00000, 0x0000000085000000, 0x0000000085000000|100%| O|  |TAMS 0x0000000085000000, 0x0000000084f00000| Untracked 
|  62|0x0000000085000000, 0x0000000085100000, 0x0000000085100000|100%| O|  |TAMS 0x0000000085100000, 0x0000000085000000| Untracked 
|  63|0x0000000085100000, 0x0000000085200000, 0x0000000085200000|100%| O|  |TAMS 0x0000000085200000, 0x0000000085100000| Untracked 
|  64|0x0000000085200000, 0x0000000085300000, 0x0000000085300000|100%| O|  |TAMS 0x0000000085300000, 0x0000000085200000| Untracked 
|  65|0x0000000085300000, 0x0000000085400000, 0x0000000085400000|100%| O|  |TAMS 0x0000000085400000, 0x0000000085300000| Untracked 
|  66|0x0000000085400000, 0x0000000085500000, 0x0000000085500000|100%| O|  |TAMS 0x0000000085500000, 0x0000000085400000| Untracked 
|  67|0x0000000085500000, 0x0000000085600000, 0x0000000085600000|100%| O|  |TAMS 0x0000000085600000, 0x0000000085500000| Untracked 
|  68|0x0000000085600000, 0x0000000085700000, 0x0000000085700000|100%| O|  |TAMS 0x0000000085700000, 0x0000000085600000| Complete 
|  69|0x0000000085700000, 0x0000000085800000, 0x0000000085800000|100%| O|  |TAMS 0x0000000085800000, 0x0000000085700000| Complete 
|  70|0x0000000085800000, 0x0000000085900000, 0x0000000085900000|100%| O|  |TAMS 0x0000000085900000, 0x0000000085800000| Complete 
|  71|0x0000000085900000, 0x0000000085a00000, 0x0000000085a00000|100%| O|  |TAMS 0x0000000085a00000, 0x0000000085900000| Untracked 
|  72|0x0000000085a00000, 0x0000000085b00000, 0x0000000085b00000|100%| O|  |TAMS 0x0000000085b00000, 0x0000000085a00000| Untracked 
|  73|0x0000000085b00000, 0x0000000085c00000, 0x0000000085c00000|100%| O|  |TAMS 0x0000000085c00000, 0x0000000085b00000| Untracked 
|  74|0x0000000085c00000, 0x0000000085d00000, 0x0000000085d00000|100%| O|  |TAMS 0x0000000085d00000, 0x0000000085c00000| Untracked 
|  75|0x0000000085d00000, 0x0000000085e00000, 0x0000000085e00000|100%| O|  |TAMS 0x0000000085e00000, 0x0000000085d00000| Complete 
|  76|0x0000000085e00000, 0x0000000085f00000, 0x0000000085f00000|100%| O|  |TAMS 0x0000000085f00000, 0x0000000085e00000| Untracked 
|  77|0x0000000085f00000, 0x0000000086000000, 0x0000000086000000|100%| O|  |TAMS 0x0000000085f00000, 0x0000000085f00000| Untracked 
|  78|0x0000000086000000, 0x0000000086100000, 0x0000000086100000|100%| O|  |TAMS 0x0000000086000000, 0x0000000086000000| Untracked 
|  79|0x0000000086100000, 0x0000000086200000, 0x0000000086200000|100%| O|  |TAMS 0x0000000086100000, 0x0000000086100000| Untracked 
|  80|0x0000000086200000, 0x0000000086300000, 0x0000000086300000|100%| O|  |TAMS 0x0000000086200000, 0x0000000086200000| Untracked 
|  81|0x0000000086300000, 0x0000000086400000, 0x0000000086400000|100%|HS|  |TAMS 0x0000000086400000, 0x0000000086300000| Complete 
|  82|0x0000000086400000, 0x0000000086500000, 0x0000000086500000|100%|HC|  |TAMS 0x0000000086500000, 0x0000000086400000| Complete 
|  83|0x0000000086500000, 0x0000000086600000, 0x0000000086600000|100%|HC|  |TAMS 0x0000000086600000, 0x0000000086500000| Complete 
|  84|0x0000000086600000, 0x0000000086700000, 0x0000000086700000|100%|HC|  |TAMS 0x0000000086700000, 0x0000000086600000| Complete 
|  85|0x0000000086700000, 0x0000000086800000, 0x0000000086800000|100%|HC|  |TAMS 0x0000000086800000, 0x0000000086700000| Complete 
|  86|0x0000000086800000, 0x0000000086900000, 0x0000000086900000|100%|HC|  |TAMS 0x0000000086900000, 0x0000000086800000| Complete 
|  87|0x0000000086900000, 0x0000000086a00000, 0x0000000086a00000|100%|HC|  |TAMS 0x0000000086a00000, 0x0000000086900000| Complete 
|  88|0x0000000086a00000, 0x0000000086b00000, 0x0000000086b00000|100%|HC|  |TAMS 0x0000000086b00000, 0x0000000086a00000| Complete 
|  89|0x0000000086b00000, 0x0000000086c00000, 0x0000000086c00000|100%|HC|  |TAMS 0x0000000086c00000, 0x0000000086b00000| Complete 
|  90|0x0000000086c00000, 0x0000000086d00000, 0x0000000086d00000|100%|HC|  |TAMS 0x0000000086d00000, 0x0000000086c00000| Complete 
|  91|0x0000000086d00000, 0x0000000086e00000, 0x0000000086e00000|100%|HC|  |TAMS 0x0000000086e00000, 0x0000000086d00000| Complete 
|  92|0x0000000086e00000, 0x0000000086f00000, 0x0000000086f00000|100%|HC|  |TAMS 0x0000000086f00000, 0x0000000086e00000| Complete 
|  93|0x0000000086f00000, 0x0000000087000000, 0x0000000087000000|100%|HC|  |TAMS 0x0000000087000000, 0x0000000086f00000| Complete 
|  94|0x0000000087000000, 0x0000000087100000, 0x0000000087100000|100%|HC|  |TAMS 0x0000000087100000, 0x0000000087000000| Complete 
|  95|0x0000000087100000, 0x0000000087200000, 0x0000000087200000|100%|HC|  |TAMS 0x0000000087200000, 0x0000000087100000| Complete 
|  96|0x0000000087200000, 0x0000000087300000, 0x0000000087300000|100%|HC|  |TAMS 0x0000000087300000, 0x0000000087200000| Complete 
|  97|0x0000000087300000, 0x0000000087400000, 0x0000000087400000|100%|HC|  |TAMS 0x0000000087400000, 0x0000000087300000| Complete 
|  98|0x0000000087400000, 0x0000000087500000, 0x0000000087500000|100%|HC|  |TAMS 0x0000000087500000, 0x0000000087400000| Complete 
|  99|0x0000000087500000, 0x0000000087600000, 0x0000000087600000|100%|HC|  |TAMS 0x0000000087600000, 0x0000000087500000| Complete 
| 100|0x0000000087600000, 0x0000000087700000, 0x0000000087700000|100%|HC|  |TAMS 0x0000000087700000, 0x0000000087600000| Complete 
| 101|0x0000000087700000, 0x0000000087800000, 0x0000000087800000|100%|HC|  |TAMS 0x0000000087800000, 0x0000000087700000| Complete 
| 102|0x0000000087800000, 0x0000000087900000, 0x0000000087900000|100%|HC|  |TAMS 0x0000000087900000, 0x0000000087800000| Complete 
| 103|0x0000000087900000, 0x0000000087a00000, 0x0000000087a00000|100%|HC|  |TAMS 0x0000000087a00000, 0x0000000087900000| Complete 
| 104|0x0000000087a00000, 0x0000000087b00000, 0x0000000087b00000|100%|HC|  |TAMS 0x0000000087b00000, 0x0000000087a00000| Complete 
| 105|0x0000000087b00000, 0x0000000087c00000, 0x0000000087c00000|100%|HC|  |TAMS 0x0000000087c00000, 0x0000000087b00000| Complete 
| 106|0x0000000087c00000, 0x0000000087d00000, 0x0000000087d00000|100%|HC|  |TAMS 0x0000000087d00000, 0x0000000087c00000| Complete 
| 107|0x0000000087d00000, 0x0000000087e00000, 0x0000000087e00000|100%|HC|  |TAMS 0x0000000087e00000, 0x0000000087d00000| Complete 
| 108|0x0000000087e00000, 0x0000000087f00000, 0x0000000087f00000|100%|HC|  |TAMS 0x0000000087f00000, 0x0000000087e00000| Complete 
| 109|0x0000000087f00000, 0x0000000088000000, 0x0000000088000000|100%|HC|  |TAMS 0x0000000088000000, 0x0000000087f00000| Complete 
| 110|0x0000000088000000, 0x0000000088100000, 0x0000000088100000|100%| O|  |TAMS 0x0000000088100000, 0x0000000088000000| Complete 
| 111|0x0000000088100000, 0x0000000088200000, 0x0000000088200000|100%| O|  |TAMS 0x0000000088200000, 0x0000000088100000| Complete 
| 112|0x0000000088200000, 0x0000000088300000, 0x0000000088300000|100%| O|  |TAMS 0x0000000088300000, 0x0000000088200000| Complete 
| 113|0x0000000088300000, 0x0000000088400000, 0x0000000088400000|100%| O|  |TAMS 0x0000000088400000, 0x0000000088300000| Complete 
| 114|0x0000000088400000, 0x0000000088500000, 0x0000000088500000|100%| O|  |TAMS 0x0000000088500000, 0x0000000088400000| Complete 
| 115|0x0000000088500000, 0x0000000088600000, 0x0000000088600000|100%| O|  |TAMS 0x0000000088600000, 0x0000000088500000| Complete 
| 116|0x0000000088600000, 0x0000000088700000, 0x0000000088700000|100%| O|  |TAMS 0x0000000088700000, 0x0000000088600000| Complete 
| 117|0x0000000088700000, 0x0000000088800000, 0x0000000088800000|100%| O|  |TAMS 0x0000000088800000, 0x0000000088700000| Complete 
| 118|0x0000000088800000, 0x0000000088900000, 0x0000000088900000|100%| O|  |TAMS 0x0000000088800000, 0x0000000088800000| Untracked 
| 119|0x0000000088900000, 0x0000000088a00000, 0x0000000088a00000|100%| O|  |TAMS 0x0000000088900000, 0x0000000088900000| Untracked 
| 120|0x0000000088a00000, 0x0000000088b00000, 0x0000000088b00000|100%| O|  |TAMS 0x0000000088b00000, 0x0000000088a00000| Complete 
| 121|0x0000000088b00000, 0x0000000088c00000, 0x0000000088c00000|100%| O|  |TAMS 0x0000000088c00000, 0x0000000088b00000| Complete 
| 122|0x0000000088c00000, 0x0000000088d00000, 0x0000000088d00000|100%| O|  |TAMS 0x0000000088d00000, 0x0000000088c00000| Complete 
| 123|0x0000000088d00000, 0x0000000088e00000, 0x0000000088e00000|100%| O|  |TAMS 0x0000000088e00000, 0x0000000088d00000| Complete 
| 124|0x0000000088e00000, 0x0000000088f00000, 0x0000000088f00000|100%| O|  |TAMS 0x0000000088f00000, 0x0000000088e00000| Complete 
| 125|0x0000000088f00000, 0x0000000089000000, 0x0000000089000000|100%| O|  |TAMS 0x0000000089000000, 0x0000000088f00000| Complete 
| 126|0x0000000089000000, 0x0000000089100000, 0x0000000089100000|100%| O|  |TAMS 0x0000000089100000, 0x0000000089000000| Complete 
| 127|0x0000000089100000, 0x0000000089200000, 0x0000000089200000|100%| O|  |TAMS 0x0000000089200000, 0x0000000089100000| Untracked 
| 128|0x0000000089200000, 0x0000000089300000, 0x0000000089300000|100%| O|  |TAMS 0x0000000089300000, 0x0000000089200000| Complete 
| 129|0x0000000089300000, 0x0000000089400000, 0x0000000089400000|100%| O|  |TAMS 0x0000000089400000, 0x0000000089300000| Complete 
| 130|0x0000000089400000, 0x0000000089500000, 0x0000000089500000|100%| O|  |TAMS 0x0000000089500000, 0x0000000089400000| Complete 
| 131|0x0000000089500000, 0x0000000089600000, 0x0000000089600000|100%| O|  |TAMS 0x0000000089600000, 0x0000000089500000| Complete 
| 132|0x0000000089600000, 0x0000000089700000, 0x0000000089700000|100%| O|  |TAMS 0x0000000089700000, 0x0000000089600000| Complete 
| 133|0x0000000089700000, 0x0000000089784e00, 0x0000000089800000| 51%| O|  |TAMS 0x0000000089700000, 0x0000000089700000| Untracked 
| 134|0x0000000089800000, 0x0000000089800000, 0x0000000089900000|  0%| F|  |TAMS 0x0000000089800000, 0x0000000089800000| Untracked 
| 135|0x0000000089900000, 0x0000000089a00000, 0x0000000089a00000|100%| O|  |TAMS 0x0000000089a00000, 0x0000000089900000| Complete 
| 136|0x0000000089a00000, 0x0000000089b00000, 0x0000000089b00000|100%| O|  |TAMS 0x0000000089b00000, 0x0000000089a00000| Untracked 
| 137|0x0000000089b00000, 0x0000000089c00000, 0x0000000089c00000|100%| O|  |TAMS 0x0000000089c00000, 0x0000000089b00000| Untracked 
| 138|0x0000000089c00000, 0x0000000089d00000, 0x0000000089d00000|100%| O|  |TAMS 0x0000000089d00000, 0x0000000089c00000| Untracked 
| 139|0x0000000089d00000, 0x0000000089e00000, 0x0000000089e00000|100%| O|  |TAMS 0x0000000089e00000, 0x0000000089d00000| Untracked 
| 140|0x0000000089e00000, 0x0000000089f00000, 0x0000000089f00000|100%| O|  |TAMS 0x0000000089f00000, 0x0000000089e00000| Untracked 
| 141|0x0000000089f00000, 0x000000008a000000, 0x000000008a000000|100%| O|  |TAMS 0x000000008a000000, 0x0000000089f00000| Untracked 
| 142|0x000000008a000000, 0x000000008a100000, 0x000000008a100000|100%| O|  |TAMS 0x000000008a100000, 0x000000008a000000| Untracked 
| 143|0x000000008a100000, 0x000000008a200000, 0x000000008a200000|100%| O|  |TAMS 0x000000008a200000, 0x000000008a100000| Untracked 
| 144|0x000000008a200000, 0x000000008a300000, 0x000000008a300000|100%| O|  |TAMS 0x000000008a300000, 0x000000008a200000| Untracked 
| 145|0x000000008a300000, 0x000000008a400000, 0x000000008a400000|100%| O|  |TAMS 0x000000008a400000, 0x000000008a300000| Untracked 
| 146|0x000000008a400000, 0x000000008a500000, 0x000000008a500000|100%| O|  |TAMS 0x000000008a500000, 0x000000008a400000| Untracked 
| 147|0x000000008a500000, 0x000000008a600000, 0x000000008a600000|100%| O|  |TAMS 0x000000008a600000, 0x000000008a500000| Untracked 
| 148|0x000000008a600000, 0x000000008a700000, 0x000000008a700000|100%| O|  |TAMS 0x000000008a700000, 0x000000008a600000| Untracked 
| 149|0x000000008a700000, 0x000000008a800000, 0x000000008a800000|100%| O|  |TAMS 0x000000008a800000, 0x000000008a700000| Untracked 
| 150|0x000000008a800000, 0x000000008a900000, 0x000000008a900000|100%| O|  |TAMS 0x000000008a900000, 0x000000008a800000| Untracked 
| 151|0x000000008a900000, 0x000000008aa00000, 0x000000008aa00000|100%| O|  |TAMS 0x000000008aa00000, 0x000000008a900000| Untracked 
| 152|0x000000008aa00000, 0x000000008ab00000, 0x000000008ab00000|100%| O|  |TAMS 0x000000008ab00000, 0x000000008aa00000| Untracked 
| 153|0x000000008ab00000, 0x000000008ac00000, 0x000000008ac00000|100%|HS|  |TAMS 0x000000008ab00000, 0x000000008ab00000| Complete 
| 154|0x000000008ac00000, 0x000000008ad00000, 0x000000008ad00000|100%|HC|  |TAMS 0x000000008ac00000, 0x000000008ac00000| Complete 
| 155|0x000000008ad00000, 0x000000008ae00000, 0x000000008ae00000|100%|HC|  |TAMS 0x000000008ad00000, 0x000000008ad00000| Complete 
| 156|0x000000008ae00000, 0x000000008af00000, 0x000000008af00000|100%|HC|  |TAMS 0x000000008ae00000, 0x000000008ae00000| Complete 
| 157|0x000000008af00000, 0x000000008b000000, 0x000000008b000000|100%|HC|  |TAMS 0x000000008af00000, 0x000000008af00000| Complete 
| 158|0x000000008b000000, 0x000000008b100000, 0x000000008b100000|100%|HC|  |TAMS 0x000000008b000000, 0x000000008b000000| Complete 
| 159|0x000000008b100000, 0x000000008b200000, 0x000000008b200000|100%|HC|  |TAMS 0x000000008b100000, 0x000000008b100000| Complete 
| 160|0x000000008b200000, 0x000000008b300000, 0x000000008b300000|100%|HC|  |TAMS 0x000000008b200000, 0x000000008b200000| Complete 
| 161|0x000000008b300000, 0x000000008b400000, 0x000000008b400000|100%|HC|  |TAMS 0x000000008b300000, 0x000000008b300000| Complete 
| 162|0x000000008b400000, 0x000000008b500000, 0x000000008b500000|100%|HC|  |TAMS 0x000000008b400000, 0x000000008b400000| Complete 
| 163|0x000000008b500000, 0x000000008b600000, 0x000000008b600000|100%|HC|  |TAMS 0x000000008b500000, 0x000000008b500000| Complete 
| 164|0x000000008b600000, 0x000000008b700000, 0x000000008b700000|100%|HC|  |TAMS 0x000000008b600000, 0x000000008b600000| Complete 
| 165|0x000000008b700000, 0x000000008b800000, 0x000000008b800000|100%|HC|  |TAMS 0x000000008b700000, 0x000000008b700000| Complete 
| 166|0x000000008b800000, 0x000000008b900000, 0x000000008b900000|100%|HC|  |TAMS 0x000000008b800000, 0x000000008b800000| Complete 
| 167|0x000000008b900000, 0x000000008ba00000, 0x000000008ba00000|100%|HC|  |TAMS 0x000000008b900000, 0x000000008b900000| Complete 
| 168|0x000000008ba00000, 0x000000008bb00000, 0x000000008bb00000|100%|HC|  |TAMS 0x000000008ba00000, 0x000000008ba00000| Complete 
| 169|0x000000008bb00000, 0x000000008bc00000, 0x000000008bc00000|100%|HC|  |TAMS 0x000000008bb00000, 0x000000008bb00000| Complete 
| 170|0x000000008bc00000, 0x000000008bd00000, 0x000000008bd00000|100%|HC|  |TAMS 0x000000008bc00000, 0x000000008bc00000| Complete 
| 171|0x000000008bd00000, 0x000000008bd00000, 0x000000008be00000|  0%| F|  |TAMS 0x000000008bd00000, 0x000000008bd00000| Untracked 
| 172|0x000000008be00000, 0x000000008be00000, 0x000000008bf00000|  0%| F|  |TAMS 0x000000008be00000, 0x000000008be00000| Untracked 
| 173|0x000000008bf00000, 0x000000008bf00000, 0x000000008c000000|  0%| F|  |TAMS 0x000000008bf00000, 0x000000008bf00000| Untracked 
| 174|0x000000008c000000, 0x000000008c000000, 0x000000008c100000|  0%| F|  |TAMS 0x000000008c000000, 0x000000008c000000| Untracked 
| 175|0x000000008c100000, 0x000000008c100000, 0x000000008c200000|  0%| F|  |TAMS 0x000000008c100000, 0x000000008c100000| Untracked 
| 176|0x000000008c200000, 0x000000008c200000, 0x000000008c300000|  0%| F|  |TAMS 0x000000008c200000, 0x000000008c200000| Untracked 
| 177|0x000000008c300000, 0x000000008c300000, 0x000000008c400000|  0%| F|  |TAMS 0x000000008c300000, 0x000000008c300000| Untracked 
| 178|0x000000008c400000, 0x000000008c400000, 0x000000008c500000|  0%| F|  |TAMS 0x000000008c400000, 0x000000008c400000| Untracked 
| 179|0x000000008c500000, 0x000000008c500000, 0x000000008c600000|  0%| F|  |TAMS 0x000000008c500000, 0x000000008c500000| Untracked 
| 180|0x000000008c600000, 0x000000008c600000, 0x000000008c700000|  0%| F|  |TAMS 0x000000008c600000, 0x000000008c600000| Untracked 
| 181|0x000000008c700000, 0x000000008c700000, 0x000000008c800000|  0%| F|  |TAMS 0x000000008c700000, 0x000000008c700000| Untracked 
| 182|0x000000008c800000, 0x000000008c800000, 0x000000008c900000|  0%| F|  |TAMS 0x000000008c800000, 0x000000008c800000| Untracked 
| 183|0x000000008c900000, 0x000000008c900000, 0x000000008ca00000|  0%| F|  |TAMS 0x000000008c900000, 0x000000008c900000| Untracked 
| 184|0x000000008ca00000, 0x000000008ca00000, 0x000000008cb00000|  0%| F|  |TAMS 0x000000008ca00000, 0x000000008ca00000| Untracked 
| 185|0x000000008cb00000, 0x000000008cb00000, 0x000000008cc00000|  0%| F|  |TAMS 0x000000008cb00000, 0x000000008cb00000| Untracked 
| 186|0x000000008cc00000, 0x000000008cc00000, 0x000000008cd00000|  0%| F|  |TAMS 0x000000008cc00000, 0x000000008cc00000| Untracked 
| 187|0x000000008cd00000, 0x000000008cd00000, 0x000000008ce00000|  0%| F|  |TAMS 0x000000008cd00000, 0x000000008cd00000| Untracked 
| 188|0x000000008ce00000, 0x000000008ce00000, 0x000000008cf00000|  0%| F|  |TAMS 0x000000008ce00000, 0x000000008ce00000| Untracked 
| 189|0x000000008cf00000, 0x000000008cf00000, 0x000000008d000000|  0%| F|  |TAMS 0x000000008cf00000, 0x000000008cf00000| Untracked 
| 190|0x000000008d000000, 0x000000008d000000, 0x000000008d100000|  0%| F|  |TAMS 0x000000008d000000, 0x000000008d000000| Untracked 
| 191|0x000000008d100000, 0x000000008d100000, 0x000000008d200000|  0%| F|  |TAMS 0x000000008d100000, 0x000000008d100000| Untracked 
| 192|0x000000008d200000, 0x000000008d200000, 0x000000008d300000|  0%| F|  |TAMS 0x000000008d200000, 0x000000008d200000| Untracked 
| 193|0x000000008d300000, 0x000000008d300000, 0x000000008d400000|  0%| F|  |TAMS 0x000000008d300000, 0x000000008d300000| Untracked 
| 194|0x000000008d400000, 0x000000008d400000, 0x000000008d500000|  0%| F|  |TAMS 0x000000008d400000, 0x000000008d400000| Untracked 
| 195|0x000000008d500000, 0x000000008d500000, 0x000000008d600000|  0%| F|  |TAMS 0x000000008d500000, 0x000000008d500000| Untracked 
| 196|0x000000008d600000, 0x000000008d600000, 0x000000008d700000|  0%| F|  |TAMS 0x000000008d600000, 0x000000008d600000| Untracked 
| 197|0x000000008d700000, 0x000000008d700000, 0x000000008d800000|  0%| F|  |TAMS 0x000000008d700000, 0x000000008d700000| Untracked 
| 198|0x000000008d800000, 0x000000008d800000, 0x000000008d900000|  0%| F|  |TAMS 0x000000008d800000, 0x000000008d800000| Untracked 
| 199|0x000000008d900000, 0x000000008d900000, 0x000000008da00000|  0%| F|  |TAMS 0x000000008d900000, 0x000000008d900000| Untracked 
| 200|0x000000008da00000, 0x000000008da00000, 0x000000008db00000|  0%| F|  |TAMS 0x000000008da00000, 0x000000008da00000| Untracked 
| 201|0x000000008db00000, 0x000000008db00000, 0x000000008dc00000|  0%| F|  |TAMS 0x000000008db00000, 0x000000008db00000| Untracked 
| 202|0x000000008dc00000, 0x000000008dc00000, 0x000000008dd00000|  0%| F|  |TAMS 0x000000008dc00000, 0x000000008dc00000| Untracked 
| 203|0x000000008dd00000, 0x000000008dd00000, 0x000000008de00000|  0%| F|  |TAMS 0x000000008dd00000, 0x000000008dd00000| Untracked 
| 204|0x000000008de00000, 0x000000008de00000, 0x000000008df00000|  0%| F|  |TAMS 0x000000008de00000, 0x000000008de00000| Untracked 
| 205|0x000000008df00000, 0x000000008df00000, 0x000000008e000000|  0%| F|  |TAMS 0x000000008df00000, 0x000000008df00000| Untracked 
| 206|0x000000008e000000, 0x000000008e000000, 0x000000008e100000|  0%| F|  |TAMS 0x000000008e000000, 0x000000008e000000| Untracked 
| 207|0x000000008e100000, 0x000000008e100000, 0x000000008e200000|  0%| F|  |TAMS 0x000000008e100000, 0x000000008e100000| Untracked 
| 208|0x000000008e200000, 0x000000008e200000, 0x000000008e300000|  0%| F|  |TAMS 0x000000008e200000, 0x000000008e200000| Untracked 
| 209|0x000000008e300000, 0x000000008e300000, 0x000000008e400000|  0%| F|  |TAMS 0x000000008e300000, 0x000000008e300000| Untracked 
| 210|0x000000008e400000, 0x000000008e400000, 0x000000008e500000|  0%| F|  |TAMS 0x000000008e400000, 0x000000008e400000| Untracked 
| 211|0x000000008e500000, 0x000000008e500000, 0x000000008e600000|  0%| F|  |TAMS 0x000000008e500000, 0x000000008e500000| Untracked 
| 212|0x000000008e600000, 0x000000008e600000, 0x000000008e700000|  0%| F|  |TAMS 0x000000008e600000, 0x000000008e600000| Untracked 
| 213|0x000000008e700000, 0x000000008e700000, 0x000000008e800000|  0%| F|  |TAMS 0x000000008e700000, 0x000000008e700000| Untracked 
| 214|0x000000008e800000, 0x000000008e800000, 0x000000008e900000|  0%| F|  |TAMS 0x000000008e800000, 0x000000008e800000| Untracked 
| 215|0x000000008e900000, 0x000000008e900000, 0x000000008ea00000|  0%| F|  |TAMS 0x000000008e900000, 0x000000008e900000| Untracked 
| 216|0x000000008ea00000, 0x000000008ea00000, 0x000000008eb00000|  0%| F|  |TAMS 0x000000008ea00000, 0x000000008ea00000| Untracked 
| 217|0x000000008eb00000, 0x000000008eb00000, 0x000000008ec00000|  0%| F|  |TAMS 0x000000008eb00000, 0x000000008eb00000| Untracked 
| 218|0x000000008ec00000, 0x000000008ec00000, 0x000000008ed00000|  0%| F|  |TAMS 0x000000008ec00000, 0x000000008ec00000| Untracked 
| 219|0x000000008ed00000, 0x000000008ed00000, 0x000000008ee00000|  0%| F|  |TAMS 0x000000008ed00000, 0x000000008ed00000| Untracked 
| 220|0x000000008ee00000, 0x000000008ee00000, 0x000000008ef00000|  0%| F|  |TAMS 0x000000008ee00000, 0x000000008ee00000| Untracked 
| 221|0x000000008ef00000, 0x000000008ef00000, 0x000000008f000000|  0%| F|  |TAMS 0x000000008ef00000, 0x000000008ef00000| Untracked 
| 222|0x000000008f000000, 0x000000008f000000, 0x000000008f100000|  0%| F|  |TAMS 0x000000008f000000, 0x000000008f000000| Untracked 
| 223|0x000000008f100000, 0x000000008f100000, 0x000000008f200000|  0%| F|  |TAMS 0x000000008f100000, 0x000000008f100000| Untracked 
| 224|0x000000008f200000, 0x000000008f200000, 0x000000008f300000|  0%| F|  |TAMS 0x000000008f200000, 0x000000008f200000| Untracked 
| 225|0x000000008f300000, 0x000000008f300000, 0x000000008f400000|  0%| F|  |TAMS 0x000000008f300000, 0x000000008f300000| Untracked 
| 226|0x000000008f400000, 0x000000008f400000, 0x000000008f500000|  0%| F|  |TAMS 0x000000008f400000, 0x000000008f400000| Untracked 
| 227|0x000000008f500000, 0x000000008f500000, 0x000000008f600000|  0%| F|  |TAMS 0x000000008f500000, 0x000000008f500000| Untracked 
| 228|0x000000008f600000, 0x000000008f600000, 0x000000008f700000|  0%| F|  |TAMS 0x000000008f600000, 0x000000008f600000| Untracked 
| 229|0x000000008f700000, 0x000000008f700000, 0x000000008f800000|  0%| F|  |TAMS 0x000000008f700000, 0x000000008f700000| Untracked 
| 230|0x000000008f800000, 0x000000008f900000, 0x000000008f900000|100%| S|CS|TAMS 0x000000008f800000, 0x000000008f800000| Complete 
| 231|0x000000008f900000, 0x000000008fa00000, 0x000000008fa00000|100%| S|CS|TAMS 0x000000008f900000, 0x000000008f900000| Complete 
| 232|0x000000008fa00000, 0x000000008fb00000, 0x000000008fb00000|100%| S|CS|TAMS 0x000000008fa00000, 0x000000008fa00000| Complete 
| 233|0x000000008fb00000, 0x000000008fc00000, 0x000000008fc00000|100%| S|CS|TAMS 0x000000008fb00000, 0x000000008fb00000| Complete 
| 234|0x000000008fc00000, 0x000000008fd00000, 0x000000008fd00000|100%| S|CS|TAMS 0x000000008fc00000, 0x000000008fc00000| Complete 
| 235|0x000000008fd00000, 0x000000008fe00000, 0x000000008fe00000|100%| S|CS|TAMS 0x000000008fd00000, 0x000000008fd00000| Complete 
| 236|0x000000008fe00000, 0x000000008fe00000, 0x000000008ff00000|  0%| F|  |TAMS 0x000000008fe00000, 0x000000008fe00000| Untracked 
| 237|0x000000008ff00000, 0x000000008ff00000, 0x0000000090000000|  0%| F|  |TAMS 0x000000008ff00000, 0x000000008ff00000| Untracked 
| 238|0x0000000090000000, 0x0000000090000000, 0x0000000090100000|  0%| F|  |TAMS 0x0000000090000000, 0x0000000090000000| Untracked 
| 239|0x0000000090100000, 0x0000000090100000, 0x0000000090200000|  0%| F|  |TAMS 0x0000000090100000, 0x0000000090100000| Untracked 
| 240|0x0000000090200000, 0x0000000090200000, 0x0000000090300000|  0%| F|  |TAMS 0x0000000090200000, 0x0000000090200000| Untracked 
| 241|0x0000000090300000, 0x0000000090300000, 0x0000000090400000|  0%| F|  |TAMS 0x0000000090300000, 0x0000000090300000| Untracked 
| 242|0x0000000090400000, 0x0000000090400000, 0x0000000090500000|  0%| F|  |TAMS 0x0000000090400000, 0x0000000090400000| Untracked 
| 243|0x0000000090500000, 0x0000000090500000, 0x0000000090600000|  0%| F|  |TAMS 0x0000000090500000, 0x0000000090500000| Untracked 
| 244|0x0000000090600000, 0x0000000090600000, 0x0000000090700000|  0%| F|  |TAMS 0x0000000090600000, 0x0000000090600000| Untracked 
| 245|0x0000000090700000, 0x0000000090700000, 0x0000000090800000|  0%| F|  |TAMS 0x0000000090700000, 0x0000000090700000| Untracked 
| 246|0x0000000090800000, 0x0000000090800000, 0x0000000090900000|  0%| F|  |TAMS 0x0000000090800000, 0x0000000090800000| Untracked 
| 247|0x0000000090900000, 0x0000000090900000, 0x0000000090a00000|  0%| F|  |TAMS 0x0000000090900000, 0x0000000090900000| Untracked 
| 248|0x0000000090a00000, 0x0000000090a00000, 0x0000000090b00000|  0%| F|  |TAMS 0x0000000090a00000, 0x0000000090a00000| Untracked 
| 249|0x0000000090b00000, 0x0000000090b00000, 0x0000000090c00000|  0%| F|  |TAMS 0x0000000090b00000, 0x0000000090b00000| Untracked 
| 250|0x0000000090c00000, 0x0000000090c00000, 0x0000000090d00000|  0%| F|  |TAMS 0x0000000090c00000, 0x0000000090c00000| Untracked 
| 251|0x0000000090d00000, 0x0000000090d00000, 0x0000000090e00000|  0%| F|  |TAMS 0x0000000090d00000, 0x0000000090d00000| Untracked 
| 252|0x0000000090e00000, 0x0000000090e00000, 0x0000000090f00000|  0%| F|  |TAMS 0x0000000090e00000, 0x0000000090e00000| Untracked 
| 253|0x0000000090f00000, 0x0000000090f00000, 0x0000000091000000|  0%| F|  |TAMS 0x0000000090f00000, 0x0000000090f00000| Untracked 
| 254|0x0000000091000000, 0x0000000091000000, 0x0000000091100000|  0%| F|  |TAMS 0x0000000091000000, 0x0000000091000000| Untracked 
| 255|0x0000000091100000, 0x0000000091100000, 0x0000000091200000|  0%| F|  |TAMS 0x0000000091100000, 0x0000000091100000| Untracked 
| 256|0x0000000091200000, 0x0000000091200000, 0x0000000091300000|  0%| F|  |TAMS 0x0000000091200000, 0x0000000091200000| Untracked 
| 257|0x0000000091300000, 0x0000000091300000, 0x0000000091400000|  0%| F|  |TAMS 0x0000000091300000, 0x0000000091300000| Untracked 
| 258|0x0000000091400000, 0x0000000091400000, 0x0000000091500000|  0%| F|  |TAMS 0x0000000091400000, 0x0000000091400000| Untracked 
| 259|0x0000000091500000, 0x0000000091500000, 0x0000000091600000|  0%| F|  |TAMS 0x0000000091500000, 0x0000000091500000| Untracked 
| 260|0x0000000091600000, 0x0000000091600000, 0x0000000091700000|  0%| F|  |TAMS 0x0000000091600000, 0x0000000091600000| Untracked 
| 261|0x0000000091700000, 0x0000000091700000, 0x0000000091800000|  0%| F|  |TAMS 0x0000000091700000, 0x0000000091700000| Untracked 
| 262|0x0000000091800000, 0x0000000091800000, 0x0000000091900000|  0%| F|  |TAMS 0x0000000091800000, 0x0000000091800000| Untracked 
| 263|0x0000000091900000, 0x0000000091900000, 0x0000000091a00000|  0%| F|  |TAMS 0x0000000091900000, 0x0000000091900000| Untracked 
| 264|0x0000000091a00000, 0x0000000091a00000, 0x0000000091b00000|  0%| F|  |TAMS 0x0000000091a00000, 0x0000000091a00000| Untracked 
| 265|0x0000000091b00000, 0x0000000091b00000, 0x0000000091c00000|  0%| F|  |TAMS 0x0000000091b00000, 0x0000000091b00000| Untracked 
| 266|0x0000000091c00000, 0x0000000091c00000, 0x0000000091d00000|  0%| F|  |TAMS 0x0000000091c00000, 0x0000000091c00000| Untracked 
| 267|0x0000000091d00000, 0x0000000091d00000, 0x0000000091e00000|  0%| F|  |TAMS 0x0000000091d00000, 0x0000000091d00000| Untracked 
| 268|0x0000000091e00000, 0x0000000091e00000, 0x0000000091f00000|  0%| F|  |TAMS 0x0000000091e00000, 0x0000000091e00000| Untracked 
| 269|0x0000000091f00000, 0x0000000091f00000, 0x0000000092000000|  0%| F|  |TAMS 0x0000000091f00000, 0x0000000091f00000| Untracked 
| 270|0x0000000092000000, 0x0000000092000000, 0x0000000092100000|  0%| F|  |TAMS 0x0000000092000000, 0x0000000092000000| Untracked 
| 271|0x0000000092100000, 0x0000000092100000, 0x0000000092200000|  0%| F|  |TAMS 0x0000000092100000, 0x0000000092100000| Untracked 
| 272|0x0000000092200000, 0x0000000092200000, 0x0000000092300000|  0%| F|  |TAMS 0x0000000092200000, 0x0000000092200000| Untracked 
| 273|0x0000000092300000, 0x0000000092300000, 0x0000000092400000|  0%| F|  |TAMS 0x0000000092300000, 0x0000000092300000| Untracked 
| 274|0x0000000092400000, 0x0000000092400000, 0x0000000092500000|  0%| F|  |TAMS 0x0000000092400000, 0x0000000092400000| Untracked 
| 275|0x0000000092500000, 0x0000000092500000, 0x0000000092600000|  0%| F|  |TAMS 0x0000000092500000, 0x0000000092500000| Untracked 
| 276|0x0000000092600000, 0x0000000092600000, 0x0000000092700000|  0%| F|  |TAMS 0x0000000092600000, 0x0000000092600000| Untracked 

Card table byte_map: [0x000001f775840000,0x000001f775c40000] _byte_map_base: 0x000001f775437000

Marking Bits (Prev, Next): (CMBitMap*) 0x000001f76f3f8488, (CMBitMap*) 0x000001f76f3f84c0
 Prev Bits: [0x000001f776040000, 0x000001f777ff8000)
 Next Bits: [0x000001f778000000, 0x000001f779fb8000)

Polling page: 0x000001f774790000

Metaspace:

Usage:
  Non-class:     35.51 MB capacity,    35.12 MB ( 99%) used,   313.03 KB ( <1%) free+waste,    85.69 KB ( <1%) overhead. 
      Class:      4.45 MB capacity,     4.16 MB ( 93%) used,   267.08 KB (  6%) free+waste,    37.56 KB ( <1%) overhead. 
       Both:     39.96 MB capacity,    39.28 MB ( 98%) used,   580.11 KB (  1%) free+waste,   123.25 KB ( <1%) overhead. 

Virtual space:
  Non-class space:       36.00 MB reserved,      35.67 MB (>99%) committed 
      Class space:        1.00 GB reserved,       4.50 MB ( <1%) committed 
             Both:        1.04 GB reserved,      40.17 MB (  4%) committed 

Chunk freelists:
   Non-Class:  40.00 KB
       Class:  15.00 KB
        Both:  55.00 KB

MaxMetaspaceSize: 17179869184.00 GB
CompressedClassSpaceSize: 1.00 GB
Initial GC threshold: 20.80 MB
Current GC threshold: 62.16 MB
CDS: off

CodeHeap 'non-profiled nmethods': size=120000Kb used=2889Kb max_used=2889Kb free=117110Kb
 bounds [0x000001f707ad0000, 0x000001f707db0000, 0x000001f70f000000]
CodeHeap 'profiled nmethods': size=120000Kb used=12674Kb max_used=12674Kb free=107325Kb
 bounds [0x000001f7005a0000, 0x000001f701210000, 0x000001f707ad0000]
CodeHeap 'non-nmethods': size=5760Kb used=1346Kb max_used=1422Kb free=4413Kb
 bounds [0x000001f700000000, 0x000001f700270000, 0x000001f7005a0000]
 total_blobs=6563 nmethods=5918 adapters=557
 compilation: enabled
              stopped_count=0, restarted_count=0
 full_count=0

Compilation events (20 events):
Event: 15.817 Thread 0x000001f77d553800 5981   !   2       com.oracle.truffle.js.nodes.binary.JSAddNodeGen::executeAndSpecialize (2280 bytes)
Event: 15.829 Thread 0x000001f77d553800 nmethod 5981 0x000001f7011f6490 code [0x000001f7011f6da0, 0x000001f7011fb368]
Event: 15.829 Thread 0x000001f77d553800 5982       2       com.oracle.truffle.js.nodes.cast.JSToBooleanNodeGen::executeBoolean (414 bytes)
Event: 15.830 Thread 0x000001f77d553800 nmethod 5982 0x000001f7011fec10 code [0x000001f7011feec0, 0x000001f7011ffcd8]
Event: 15.830 Thread 0x000001f77d553800 5983       2       com.oracle.truffle.api.library.Library::<init> (5 bytes)
Event: 15.830 Thread 0x000001f77d553800 nmethod 5983 0x000001f701200190 code [0x000001f701200340, 0x000001f701200438]
Event: 15.831 Thread 0x000001f77d553800 5984       2       com.oracle.truffle.polyglot.PolyglotContextImpl::requireContext (19 bytes)
Event: 15.831 Thread 0x000001f77d553800 nmethod 5984 0x000001f701200510 code [0x000001f7012006e0, 0x000001f701200818]
Event: 15.840 Thread 0x000001f77ec69800 nmethod 5778 0x000001f707d9c410 code [0x000001f707d9c720, 0x000001f707d9f858]
Event: 15.840 Thread 0x000001f77ec69800 5687       4       com.oracle.truffle.js.nodes.control.AbstractBlockNode::execute (48 bytes)
Event: 15.842 Thread 0x000001f77ec69800 nmethod 5687 0x000001f707da0b10 code [0x000001f707da0cc0, 0x000001f707da0e78]
Event: 15.842 Thread 0x000001f77ec69800 5918       4       com.oracle.truffle.js.runtime.JSArguments::arraycopy (29 bytes)
Event: 15.847 Thread 0x000001f77ec69800 nmethod 5918 0x000001f707da1010 code [0x000001f707da11a0, 0x000001f707da1438]
Event: 15.847 Thread 0x000001f77ec69800 5785       4       com.oracle.truffle.js.runtime.array.dyn.ConstantObjectArray::lengthInt (7 bytes)
Event: 15.848 Thread 0x000001f77ec69800 nmethod 5785 0x000001f707da1510 code [0x000001f707da16c0, 0x000001f707da1778]
Event: 15.848 Thread 0x000001f77ec69800 5809       4       com.oracle.truffle.js.runtime.JSRuntime::propertyNameToArrayIndex (31 bytes)
Event: 15.854 Thread 0x000001f77ec69800 nmethod 5809 0x000001f707da1890 code [0x000001f707da1a40, 0x000001f707da1cb8]
Event: 15.854 Thread 0x000001f77ec69800 5683       4       com.oracle.truffle.js.runtime.array.dyn.ConstantObjectArray::lastElementIndex (40 bytes)
Event: 15.857 Thread 0x000001f77ec69800 nmethod 5683 0x000001f707da1f10 code [0x000001f707da20c0, 0x000001f707da2248]
Event: 15.857 Thread 0x000001f77ec69800 5917       4       com.oracle.truffle.js.nodes.array.JSArrayElementIndexNode::isArray (33 bytes)

GC Heap History (20 events):
Event: 13.196 GC heap after
{Heap after GC invocations=18 (full 0):
 garbage-first heap   total 139264K, used 123754K [0x0000000081200000, 0x0000000100000000)
  region size 1024K, 1 young (1024K), 1 survivors (1024K)
 Metaspace       used 29359K, capacity 29994K, committed 30128K, reserved 1075200K
  class space    used 3221K, capacity 3481K, committed 3584K, reserved 1048576K
}
Event: 13.236 GC heap before
{Heap before GC invocations=18 (full 0):
 garbage-first heap   total 139264K, used 128874K [0x0000000081200000, 0x0000000100000000)
  region size 1024K, 6 young (6144K), 1 survivors (1024K)
 Metaspace       used 29361K, capacity 29994K, committed 30128K, reserved 1075200K
  class space    used 3222K, capacity 3481K, committed 3584K, reserved 1048576K
}
Event: 13.239 GC heap after
{Heap after GC invocations=19 (full 0):
 garbage-first heap   total 139264K, used 126312K [0x0000000081200000, 0x0000000100000000)
  region size 1024K, 1 young (1024K), 1 survivors (1024K)
 Metaspace       used 29361K, capacity 29994K, committed 30128K, reserved 1075200K
  class space    used 3222K, capacity 3481K, committed 3584K, reserved 1048576K
}
Event: 13.257 GC heap before
{Heap before GC invocations=20 (full 0):
 garbage-first heap   total 139264K, used 128360K [0x0000000081200000, 0x0000000100000000)
  region size 1024K, 5 young (5120K), 1 survivors (1024K)
 Metaspace       used 29362K, capacity 29994K, committed 30128K, reserved 1075200K
  class space    used 3222K, capacity 3481K, committed 3584K, reserved 1048576K
}
Event: 13.262 GC heap after
{Heap after GC invocations=21 (full 0):
 garbage-first heap   total 167936K, used 128241K [0x0000000081200000, 0x0000000100000000)
  region size 1024K, 1 young (1024K), 1 survivors (1024K)
 Metaspace       used 29362K, capacity 29994K, committed 30128K, reserved 1075200K
  class space    used 3222K, capacity 3481K, committed 3584K, reserved 1048576K
}
Event: 13.320 GC heap before
{Heap before GC invocations=22 (full 0):
 garbage-first heap   total 167936K, used 138481K [0x0000000081200000, 0x0000000100000000)
  region size 1024K, 8 young (8192K), 1 survivors (1024K)
 Metaspace       used 29366K, capacity 29994K, committed 30128K, reserved 1075200K
  class space    used 3222K, capacity 3481K, committed 3584K, reserved 1048576K
}
Event: 13.324 GC heap after
{Heap after GC invocations=23 (full 0):
 garbage-first heap   total 167936K, used 133598K [0x0000000081200000, 0x0000000100000000)
  region size 1024K, 1 young (1024K), 1 survivors (1024K)
 Metaspace       used 29366K, capacity 29994K, committed 30128K, reserved 1075200K
  class space    used 3222K, capacity 3481K, committed 3584K, reserved 1048576K
}
Event: 13.357 GC heap before
{Heap before GC invocations=23 (full 0):
 garbage-first heap   total 167936K, used 140766K [0x0000000081200000, 0x0000000100000000)
  region size 1024K, 8 young (8192K), 1 survivors (1024K)
 Metaspace       used 29374K, capacity 30058K, committed 30384K, reserved 1077248K
  class space    used 3222K, capacity 3481K, committed 3584K, reserved 1048576K
}
Event: 13.360 GC heap after
{Heap after GC invocations=24 (full 0):
 garbage-first heap   total 167936K, used 137151K [0x0000000081200000, 0x0000000100000000)
  region size 1024K, 1 young (1024K), 1 survivors (1024K)
 Metaspace       used 29374K, capacity 30058K, committed 30384K, reserved 1077248K
  class space    used 3222K, capacity 3481K, committed 3584K, reserved 1048576K
}
Event: 13.508 GC heap before
{Heap before GC invocations=25 (full 0):
 garbage-first heap   total 167936K, used 138175K [0x0000000081200000, 0x0000000100000000)
  region size 1024K, 3 young (3072K), 1 survivors (1024K)
 Metaspace       used 29378K, capacity 30058K, committed 30384K, reserved 1077248K
  class space    used 3222K, capacity 3481K, committed 3584K, reserved 1048576K
}
Event: 13.512 GC heap after
{Heap after GC invocations=26 (full 0):
 garbage-first heap   total 167936K, used 138035K [0x0000000081200000, 0x0000000100000000)
  region size 1024K, 1 young (1024K), 1 survivors (1024K)
 Metaspace       used 29378K, capacity 30058K, committed 30384K, reserved 1077248K
  class space    used 3222K, capacity 3481K, committed 3584K, reserved 1048576K
}
Event: 13.731 GC heap before
{Heap before GC invocations=27 (full 0):
 garbage-first heap   total 167936K, used 153395K [0x0000000081200000, 0x0000000100000000)
  region size 1024K, 8 young (8192K), 1 survivors (1024K)
 Metaspace       used 31151K, capacity 31728K, committed 31792K, reserved 1077248K
  class space    used 3432K, capacity 3675K, committed 3712K, reserved 1048576K
}
Event: 13.737 GC heap after
{Heap after GC invocations=28 (full 0):
 garbage-first heap   total 283648K, used 139013K [0x0000000081200000, 0x0000000100000000)
  region size 1024K, 1 young (1024K), 1 survivors (1024K)
 Metaspace       used 31151K, capacity 31728K, committed 31792K, reserved 1077248K
  class space    used 3432K, capacity 3675K, committed 3712K, reserved 1048576K
}
Event: 14.121 GC heap before
{Heap before GC invocations=28 (full 0):
 garbage-first heap   total 283648K, used 178949K [0x0000000081200000, 0x0000000100000000)
  region size 1024K, 40 young (40960K), 1 survivors (1024K)
 Metaspace       used 32248K, capacity 32882K, committed 33200K, reserved 1079296K
  class space    used 3497K, capacity 3739K, committed 3840K, reserved 1048576K
}
Event: 14.186 GC heap after
{Heap after GC invocations=29 (full 0):
 garbage-first heap   total 283648K, used 161289K [0x0000000081200000, 0x0000000100000000)
  region size 1024K, 5 young (5120K), 5 survivors (5120K)
 Metaspace       used 32248K, capacity 32882K, committed 33200K, reserved 1079296K
  class space    used 3497K, capacity 3739K, committed 3840K, reserved 1048576K
}
Event: 14.504 GC heap before
{Heap before GC invocations=30 (full 0):
 garbage-first heap   total 283648K, used 163337K [0x0000000081200000, 0x0000000100000000)
  region size 1024K, 38 young (38912K), 5 survivors (5120K)
 Metaspace       used 32804K, capacity 33458K, committed 33712K, reserved 1079296K
  class space    used 3543K, capacity 3803K, committed 3840K, reserved 1048576K
}
Event: 14.521 GC heap after
{Heap after GC invocations=31 (full 0):
 garbage-first heap   total 283648K, used 148372K [0x0000000081200000, 0x0000000100000000)
  region size 1024K, 5 young (5120K), 5 survivors (5120K)
 Metaspace       used 32804K, capacity 33458K, committed 33712K, reserved 1079296K
  class space    used 3543K, capacity 3803K, committed 3840K, reserved 1048576K
}
Event: 15.020 GC heap before
{Heap before GC invocations=31 (full 0):
 garbage-first heap   total 283648K, used 166804K [0x0000000081200000, 0x0000000100000000)
  region size 1024K, 24 young (24576K), 5 survivors (5120K)
 Metaspace       used 37134K, capacity 37820K, committed 38192K, reserved 1083392K
  class space    used 4064K, capacity 4360K, committed 4480K, reserved 1048576K
}
Event: 15.050 GC heap after
{Heap after GC invocations=32 (full 0):
 garbage-first heap   total 283648K, used 155109K [0x0000000081200000, 0x0000000100000000)
  region size 1024K, 5 young (5120K), 5 survivors (5120K)
 Metaspace       used 37134K, capacity 37820K, committed 38192K, reserved 1083392K
  class space    used 4064K, capacity 4360K, committed 4480K, reserved 1048576K
}
Event: 15.864 GC heap before
{Heap before GC invocations=33 (full 0):
 garbage-first heap   total 283648K, used 207333K [0x0000000081200000, 0x0000000100000000)
  region size 1024K, 41 young (41984K), 5 survivors (5120K)
 Metaspace       used 40217K, capacity 40921K, committed 41136K, reserved 1085440K
  class space    used 4256K, capacity 4561K, committed 4608K, reserved 1048576K
}

Deoptimization events (20 events):
Event: 15.788 Thread 0x000001f77ecd7000 DEOPT PACKING pc=0x000001f707d8e09c sp=0x000000f4fc8ee510
Event: 15.788 Thread 0x000001f77ecd7000 DEOPT UNPACKING pc=0x000001f70004a1af sp=0x000000f4fc8ee440 mode 2
Event: 15.815 Thread 0x000001f77ecd7000 DEOPT PACKING pc=0x000001f700eae75c sp=0x000000f4fc8f0150
Event: 15.815 Thread 0x000001f77ecd7000 DEOPT UNPACKING pc=0x000001f70004a95e sp=0x000000f4fc8ef758 mode 0
Event: 15.817 Thread 0x000001f77ecd7000 Uncommon trap: trap_request=0xffffff4d fr.pc=0x000001f707d7e504 relative=0x0000000000000284
Event: 15.817 Thread 0x000001f77ecd7000 Uncommon trap: reason=unstable_if action=reinterpret pc=0x000001f707d7e504 method=com.oracle.truffle.js.nodes.cast.JSToBooleanNodeGen.executeBoolean(Ljava/lang/Object;)Z @ 202 c2
Event: 15.817 Thread 0x000001f77ecd7000 DEOPT PACKING pc=0x000001f707d7e504 sp=0x000000f4fc8f4350
Event: 15.817 Thread 0x000001f77ecd7000 DEOPT UNPACKING pc=0x000001f70004a1af sp=0x000000f4fc8f42d8 mode 2
Event: 15.818 Thread 0x000001f77ecd7000 Uncommon trap: trap_request=0xffffff4d fr.pc=0x000001f707d436fc relative=0x000000000000027c
Event: 15.818 Thread 0x000001f77ecd7000 Uncommon trap: reason=unstable_if action=reinterpret pc=0x000001f707d436fc method=com.oracle.truffle.api.impl.DefaultTruffleRuntime.popFrame()V @ 9 c2
Event: 15.818 Thread 0x000001f77ecd7000 DEOPT PACKING pc=0x000001f707d436fc sp=0x000000f4fc8fa670
Event: 15.818 Thread 0x000001f77ecd7000 DEOPT UNPACKING pc=0x000001f70004a1af sp=0x000000f4fc8fa648 mode 2
Event: 15.818 Thread 0x000001f77ecd7000 Uncommon trap: trap_request=0xfffffff4 fr.pc=0x000001f707d6d64c relative=0x00000000000006cc
Event: 15.818 Thread 0x000001f77ecd7000 Uncommon trap: reason=null_check action=make_not_entrant pc=0x000001f707d6d64c method=com.oracle.truffle.api.impl.DefaultTruffleRuntime.getThreadLocalStackTrace()Lcom/oracle/truffle/api/impl/DefaultTruffleRuntime$DefaultFrameInstance; @ 7 c2
Event: 15.818 Thread 0x000001f77ecd7000 DEOPT PACKING pc=0x000001f707d6d64c sp=0x000000f4fc8fa6a0
Event: 15.818 Thread 0x000001f77ecd7000 DEOPT UNPACKING pc=0x000001f70004a1af sp=0x000000f4fc8fa628 mode 2
Event: 15.839 Thread 0x000001f77ecd7000 Uncommon trap: trap_request=0xffffff4d fr.pc=0x000001f707d4f1f4 relative=0x00000000000015d4
Event: 15.839 Thread 0x000001f77ecd7000 Uncommon trap: reason=unstable_if action=reinterpret pc=0x000001f707d4f1f4 method=com.oracle.truffle.api.nodes.NodeUtil.adoptChildrenHelper(Lcom/oracle/truffle/api/nodes/Node;)V @ 96 c2
Event: 15.839 Thread 0x000001f77ecd7000 DEOPT PACKING pc=0x000001f707d4f1f4 sp=0x000000f4fc8fa3f0
Event: 15.839 Thread 0x000001f77ecd7000 DEOPT UNPACKING pc=0x000001f70004a1af sp=0x000000f4fc8fa2f8 mode 2

Classes redefined (0 events):
No events

Internal exceptions (20 events):
Event: 3.368 Thread 0x000001f77eaee800 Exception <a 'java/net/ConnectException'{0x0000000087d8d4c0}: Connection refused: connect> (0x0000000087d8d4c0) thrown at [./src/hotspot/share/prims/jni.cpp, line 636]
Event: 3.867 Thread 0x000001f77e93f000 Exception <a 'java/lang/reflect/InvocationTargetException'{0x0000000087eee218}> (0x0000000087eee218) thrown at [./src/hotspot/share/runtime/reflection.cpp, line 1247]
Event: 5.919 Thread 0x000001f77e93f000 Exception <a 'java/net/ConnectException'{0x0000000087eee890}: Connection refused: connect> (0x0000000087eee890) thrown at [./src/hotspot/share/prims/jni.cpp, line 636]
Event: 6.420 Thread 0x000001f77e93f000 Exception <a 'java/lang/reflect/InvocationTargetException'{0x0000000087ef0128}> (0x0000000087ef0128) thrown at [./src/hotspot/share/runtime/reflection.cpp, line 1247]
Event: 8.469 Thread 0x000001f77e93f000 Exception <a 'java/net/ConnectException'{0x0000000087ef07a0}: Connection refused: connect> (0x0000000087ef07a0) thrown at [./src/hotspot/share/prims/jni.cpp, line 636]
Event: 8.970 Thread 0x000001f77e93f000 Exception <a 'java/lang/reflect/InvocationTargetException'{0x0000000087ef2038}> (0x0000000087ef2038) thrown at [./src/hotspot/share/runtime/reflection.cpp, line 1247]
Event: 11.015 Thread 0x000001f77e93f000 Exception <a 'java/net/ConnectException'{0x0000000087ef26b0}: Connection refused: connect> (0x0000000087ef26b0) thrown at [./src/hotspot/share/prims/jni.cpp, line 636]
Event: 11.515 Thread 0x000001f77e93f000 Exception <a 'java/lang/reflect/InvocationTargetException'{0x0000000088c011d8}> (0x0000000088c011d8) thrown at [./src/hotspot/share/runtime/reflection.cpp, line 1247]
Event: 11.815 Thread 0x000001f77ecd7000 Exception <a 'java/lang/NoSuchMethodError'{0x0000000088f73b50}: 'java.lang.Object java.lang.invoke.DirectMethodHandle$Holder.invokeStaticInit(java.lang.Object, java.lang.Object, java.lang.Object)'> (0x0000000088f73b50) thrown at [./src/hotspot/share/interpreter/linkResolver.cpp, line 773]
Event: 11.871 Thread 0x000001f77ecd7000 Exception <a 'sun/nio/fs/WindowsException'{0x0000000088c7f7f0}> (0x0000000088c7f7f0) thrown at [./src/hotspot/share/prims/jni.cpp, line 615]
Event: 13.373 Thread 0x000001f77eaee800 Exception <a 'java/lang/reflect/InvocationTargetException'{0x000000008b423ec0}> (0x000000008b423ec0) thrown at [./src/hotspot/share/runtime/reflection.cpp, line 1247]
Event: 13.545 Thread 0x000001f77e93f000 Exception <a 'java/net/ConnectException'{0x000000008b5af118}: Connection refused: connect> (0x000000008b5af118) thrown at [./src/hotspot/share/prims/jni.cpp, line 636]
Event: 14.389 Thread 0x000001f77ecd7000 Implicit null exception at 0x000001f707c8de98 to 0x000001f707c8defc
Event: 14.457 Thread 0x000001f77ecd7000 Implicit null exception at 0x000001f707c92762 to 0x000001f707c92f94
Event: 14.903 Thread 0x000001f77ecd7000 Exception <a 'java/lang/NoSuchMethodError'{0x00000000919ad9d0}: 'int java.lang.invoke.DirectMethodHandle$Holder.invokeSpecial(java.lang.Object, java.lang.Object, java.lang.Object, java.lang.Object)'> (0x00000000919ad9d0) thrown at [./src/hotspot/share/interpreter/linkResolver.cpp, line 773]
Event: 15.115 Thread 0x000001f77ecd7000 Implicit null exception at 0x000001f707c31324 to 0x000001f707c32390
Event: 15.241 Thread 0x000001f77ecd7000 Exception <a 'java/lang/NoSuchMethodError'{0x0000000092195860}: 'java.lang.Object java.lang.invoke.DirectMethodHandle$Holder.invokeStaticInit(java.lang.Object, java.lang.Object, int, java.lang.Object, java.lang.Object)'> (0x0000000092195860) thrown at [./src/hotspot/share/interpreter/linkResolver.cpp, line 773]
Event: 15.445 Thread 0x000001f77eaee800 Exception <a 'java/net/ConnectException'{0x0000000091a80848}: Connection refused: connect> (0x0000000091a80848) thrown at [./src/hotspot/share/prims/jni.cpp, line 636]
Event: 15.818 Thread 0x000001f77ecd7000 Implicit null exception at 0x000001f707d6d041 to 0x000001f707d6d628
Event: 15.839 Thread 0x000001f77ecd7000 Implicit null exception at 0x000001f707d4e12f to 0x000001f707d4f1d4

Events (20 events):
Event: 15.858 loading class com/oracle/truffle/polyglot/HostObjectGen$InteropLibraryExports$Cached$IsMemberModifiableCachedData done
Event: 15.858 loading class com/oracle/truffle/polyglot/HostObjectGen$InteropLibraryExports$Cached$IsMemberInternalCachedData
Event: 15.858 loading class com/oracle/truffle/polyglot/HostObjectGen$InteropLibraryExports$Cached$IsMemberInternalCachedData done
Event: 15.859 loading class com/oracle/truffle/polyglot/HostObjectGen$InteropLibraryExports$Cached$IsMemberInvocableCachedData
Event: 15.859 loading class com/oracle/truffle/polyglot/HostObjectGen$InteropLibraryExports$Cached$IsMemberInvocableCachedData done
Event: 15.859 loading class com/oracle/truffle/polyglot/HostObjectFactory$LookupFieldNodeGen
Event: 15.859 loading class com/oracle/truffle/polyglot/HostObjectFactory$LookupFieldNodeGen done
Event: 15.861 loading class com/oracle/truffle/polyglot/HostObjectFactory$LookupFieldNodeGen$Uncached
Event: 15.861 loading class com/oracle/truffle/polyglot/HostObjectFactory$LookupFieldNodeGen$Uncached done
Event: 15.862 loading class com/oracle/truffle/polyglot/HostObjectFactory$LookupFieldNodeGen$CachedData
Event: 15.862 loading class com/oracle/truffle/polyglot/HostObjectFactory$LookupFieldNodeGen$CachedData done
Event: 15.863 loading class com/oracle/truffle/polyglot/HostObjectFactory$ReadFieldNodeGen
Event: 15.863 loading class com/oracle/truffle/polyglot/HostObjectFactory$ReadFieldNodeGen done
Event: 15.863 loading class com/oracle/truffle/polyglot/HostObjectFactory$ReadFieldNodeGen$CachedData
Event: 15.863 loading class com/oracle/truffle/polyglot/HostObjectFactory$ReadFieldNodeGen$CachedData done
Event: 15.863 loading class com/oracle/truffle/polyglot/HostObjectFactory$ReadFieldNodeGen$Uncached
Event: 15.863 loading class com/oracle/truffle/polyglot/HostObjectFactory$ReadFieldNodeGen$Uncached done
Event: 15.863 loading class com/oracle/truffle/polyglot/HostObjectFactory$LookupMethodNodeGen
Event: 15.863 loading class com/oracle/truffle/polyglot/HostObjectFactory$LookupMethodNodeGen done
Event: 15.863 Executing VM operation: G1CollectForAllocation


Dynamic libraries:
0x00007ff7e7700000 - 0x00007ff7e770a000 	C:\Program Files\JetBrains\IntelliJ IDEA 2021.2.3\jbr\bin\java.exe
0x00007ffd27280000 - 0x00007ffd2748f000 	C:\WINDOWS\SYSTEM32\ntdll.dll
0x00007ffd25e80000 - 0x00007ffd25f3d000 	C:\WINDOWS\System32\KERNEL32.DLL
0x00007ffd24b80000 - 0x00007ffd24f0c000 	C:\WINDOWS\System32\KERNELBASE.dll
0x00007ffd21830000 - 0x00007ffd218c2000 	C:\WINDOWS\SYSTEM32\apphelp.dll
0x00007ffd24a00000 - 0x00007ffd24b11000 	C:\WINDOWS\System32\ucrtbase.dll
0x00007ffcf8ab0000 - 0x00007ffcf8ac9000 	C:\Program Files\JetBrains\IntelliJ IDEA 2021.2.3\jbr\bin\jli.dll
0x00007ffcfe160000 - 0x00007ffcfe177000 	C:\Program Files\JetBrains\IntelliJ IDEA 2021.2.3\jbr\bin\VCRUNTIME140.dll
0x00007ffd254b0000 - 0x00007ffd25656000 	C:\WINDOWS\System32\USER32.dll
0x00007ffd24740000 - 0x00007ffd24766000 	C:\WINDOWS\System32\win32u.dll
0x00007ffd25f70000 - 0x00007ffd25f99000 	C:\WINDOWS\System32\GDI32.dll
0x00007ffd05200000 - 0x00007ffd054a1000 	C:\WINDOWS\WinSxS\amd64_microsoft.windows.common-controls_6595b64144ccf1df_6.0.22494.1000_none_23deebcec6cdf010\COMCTL32.dll
0x00007ffd24fd0000 - 0x00007ffd250e7000 	C:\WINDOWS\System32\gdi32full.dll
0x00007ffd26800000 - 0x00007ffd268a4000 	C:\WINDOWS\System32\msvcrt.dll
0x00007ffd24960000 - 0x00007ffd249fa000 	C:\WINDOWS\System32\msvcp_win.dll
0x00007ffd25fa0000 - 0x00007ffd25fd1000 	C:\WINDOWS\System32\IMM32.DLL
0x00007ffcdbe60000 - 0x00007ffcdbefd000 	C:\Program Files\JetBrains\IntelliJ IDEA 2021.2.3\jbr\bin\msvcp140.dll
0x00007ffccc720000 - 0x00007ffccd278000 	C:\Program Files\JetBrains\IntelliJ IDEA 2021.2.3\jbr\bin\server\jvm.dll
0x00007ffd265c0000 - 0x00007ffd2666e000 	C:\WINDOWS\System32\ADVAPI32.dll
0x00007ffd26060000 - 0x00007ffd26101000 	C:\WINDOWS\System32\sechost.dll
0x00007ffd26490000 - 0x00007ffd265af000 	C:\WINDOWS\System32\RPCRT4.dll
0x00007ffd25f40000 - 0x00007ffd25f48000 	C:\WINDOWS\System32\PSAPI.DLL
0x00007ffd21730000 - 0x00007ffd21739000 	C:\WINDOWS\SYSTEM32\WSOCK32.dll
0x00007ffd1d9d0000 - 0x00007ffd1da04000 	C:\WINDOWS\SYSTEM32\WINMM.dll
0x00007ffd1cce0000 - 0x00007ffd1ccea000 	C:\WINDOWS\SYSTEM32\VERSION.dll
0x00007ffd25da0000 - 0x00007ffd25e11000 	C:\WINDOWS\System32\WS2_32.dll
0x00007ffd237d0000 - 0x00007ffd237e8000 	C:\WINDOWS\SYSTEM32\kernel.appcore.dll
0x00007ffd0a8c0000 - 0x00007ffd0a8d1000 	C:\Program Files\JetBrains\IntelliJ IDEA 2021.2.3\jbr\bin\verify.dll
0x00007ffd22100000 - 0x00007ffd22326000 	C:\WINDOWS\SYSTEM32\DBGHELP.DLL
0x00007ffd26110000 - 0x00007ffd2648b000 	C:\WINDOWS\System32\combase.dll
0x00007ffd09960000 - 0x00007ffd09991000 	C:\WINDOWS\SYSTEM32\dbgcore.DLL
0x00007ffd248d0000 - 0x00007ffd24951000 	C:\WINDOWS\System32\bcryptPrimitives.dll
0x00007ffcf7c20000 - 0x00007ffcf7c49000 	C:\Program Files\JetBrains\IntelliJ IDEA 2021.2.3\jbr\bin\java.dll
0x00007ffd10e20000 - 0x00007ffd10e2b000 	C:\Program Files\JetBrains\IntelliJ IDEA 2021.2.3\jbr\bin\jimage.dll
0x00007ffd09fa0000 - 0x00007ffd09fb8000 	C:\Program Files\JetBrains\IntelliJ IDEA 2021.2.3\jbr\bin\zip.dll
0x00007ffd26a80000 - 0x00007ffd27234000 	C:\WINDOWS\System32\SHELL32.dll
0x00007ffd22790000 - 0x00007ffd22fed000 	C:\WINDOWS\SYSTEM32\windows.storage.dll
0x00007ffd22640000 - 0x00007ffd22789000 	C:\WINDOWS\SYSTEM32\wintypes.dll
0x00007ffd26990000 - 0x00007ffd26a80000 	C:\WINDOWS\System32\SHCORE.dll
0x00007ffd25d20000 - 0x00007ffd25d7b000 	C:\WINDOWS\System32\shlwapi.dll
0x00007ffd24670000 - 0x00007ffd24691000 	C:\WINDOWS\SYSTEM32\profapi.dll
0x00007ffd07f60000 - 0x00007ffd07f7a000 	C:\Program Files\JetBrains\IntelliJ IDEA 2021.2.3\jbr\bin\net.dll
0x00007ffd1c1d0000 - 0x00007ffd1c2e2000 	C:\WINDOWS\SYSTEM32\WINHTTP.dll
0x00007ffd23cf0000 - 0x00007ffd23d59000 	C:\WINDOWS\system32\mswsock.dll
0x00007ffd014c0000 - 0x00007ffd014d4000 	C:\Program Files\JetBrains\IntelliJ IDEA 2021.2.3\jbr\bin\nio.dll
0x00007ffd23f10000 - 0x00007ffd23f28000 	C:\WINDOWS\SYSTEM32\CRYPTSP.dll
0x00007ffd23730000 - 0x00007ffd23765000 	C:\WINDOWS\system32\rsaenh.dll
0x00007ffd23dc0000 - 0x00007ffd23de9000 	C:\WINDOWS\SYSTEM32\USERENV.dll
0x00007ffd24110000 - 0x00007ffd24138000 	C:\WINDOWS\SYSTEM32\bcrypt.dll
0x00007ffd23f30000 - 0x00007ffd23f3c000 	C:\WINDOWS\SYSTEM32\CRYPTBASE.dll
0x00007ffd23240000 - 0x00007ffd2326d000 	C:\WINDOWS\SYSTEM32\IPHLPAPI.DLL
0x00007ffd265b0000 - 0x00007ffd265b9000 	C:\WINDOWS\System32\NSI.dll
0x00007ffd1c030000 - 0x00007ffd1c049000 	C:\WINDOWS\SYSTEM32\dhcpcsvc6.DLL
0x00007ffd1bf50000 - 0x00007ffd1bf6e000 	C:\WINDOWS\SYSTEM32\dhcpcsvc.DLL
0x00007ffd232b0000 - 0x00007ffd233a7000 	C:\WINDOWS\SYSTEM32\DNSAPI.dll
0x00007ffd0f7b0000 - 0x00007ffd0f7b8000 	C:\Program Files\JetBrains\IntelliJ IDEA 2021.2.3\jbr\bin\rmi.dll
0x00007ffd17080000 - 0x00007ffd1708a000 	C:\Windows\System32\rasadhlp.dll
0x00007ffd1b8f0000 - 0x00007ffd1b972000 	C:\WINDOWS\System32\fwpuclnt.dll

dbghelp: loaded successfully - version: 4.0.5 - missing functions: none
symbol engine: initialized successfully - sym options: 0x614 - pdb path: .;C:\Program Files\JetBrains\IntelliJ IDEA 2021.2.3\jbr\bin;C:\WINDOWS\SYSTEM32;C:\WINDOWS\WinSxS\amd64_microsoft.windows.common-controls_6595b64144ccf1df_6.0.22494.1000_none_23deebcec6cdf010;C:\Program Files\JetBrains\IntelliJ IDEA 2021.2.3\jbr\bin\server

VM Arguments:
jvm_args: -Djava.rmi.server.hostname=127.0.0.1 -Duser.timezone=UTC -Xmx2029m -Xms128m -Dfile.encoding=UTF-8 
java_command: com.intellij.database.remote.RemoteJdbcServer com.dbschema.MongoJdbcDriver
java_class_path (initial): C:\Program Files\JetBrains\IntelliJ IDEA 2021.2.3\lib\util.jar;C:\Program Files\JetBrains\IntelliJ IDEA 2021.2.3\lib\groovy-2.5.14.jar;C:\Program Files\JetBrains\IntelliJ IDEA 2021.2.3\plugins\DatabaseTools\lib\jdbc-console.jar;C:\Users\asus\AppData\Roaming\JetBrains\IntelliJIdea2021.2\jdbc-drivers\MongoDB\1.12\mongo-jdbc-standalone-1.12.jar
Launcher Type: SUN_STANDARD

[Global flags]
     intx CICompilerCount                          = 4                                         {product} {ergonomic}
     uint ConcGCThreads                            = 3                                         {product} {ergonomic}
     uint G1ConcRefinementThreads                  = 10                                        {product} {ergonomic}
   size_t G1HeapRegionSize                         = 1048576                                   {product} {ergonomic}
    uintx GCDrainStackTargetSize                   = 64                                        {product} {ergonomic}
   size_t InitialHeapSize                          = 134217728                                 {product} {command line}
   size_t MarkStackSize                            = 4194304                                   {product} {ergonomic}
   size_t MaxHeapSize                              = 2128609280                                {product} {command line, ergonomic}
   size_t MaxNewSize                               = 1277165568                                {product} {ergonomic}
   size_t MinHeapDeltaBytes                        = 1048576                                   {product} {ergonomic}
    uintx NonNMethodCodeHeapSize                   = 5836300                                {pd product} {ergonomic}
    uintx NonProfiledCodeHeapSize                  = 122910970                              {pd product} {ergonomic}
    uintx ProfiledCodeHeapSize                     = 122910970                              {pd product} {ergonomic}
    uintx ReservedCodeCacheSize                    = 251658240                              {pd product} {ergonomic}
     bool SegmentedCodeCache                       = true                                      {product} {ergonomic}
     bool UseCompressedClassPointers               = true                                 {lp64_product} {ergonomic}
     bool UseCompressedOops                        = true                                 {lp64_product} {ergonomic}
     bool UseG1GC                                  = true                                      {product} {ergonomic}
     bool UseLargePagesIndividualAllocation        = false                                  {pd product} {ergonomic}

Logging:
Log output configuration:
 #0: stdout all=warning uptime,level,tags
 #1: stderr all=off uptime,level,tags

Environment Variables:
PATH=C:\Program Files (x86)\Intel\iCLS Client\;C:\Program Files\Intel\iCLS Client\;C:\Windows\system32;C:\Windows;C:\Windows\System32\Wbem;C:\Windows\System32\WindowsPowerShell\v1.0\;C:\Program Files (x86)\NVIDIA Corporation\PhysX\Common;C:\Program Files (x86)\Intel\Intel(R) Management Engine Components\DAL;C:\Program Files\Intel\Intel(R) Management Engine Components\DAL;C:\Program Files (x86)\Intel\Intel(R) Management Engine Components\IPT;C:\Program Files\Intel\Intel(R) Management Engine Components\IPT;C:\WINDOWS\system32;C:\WINDOWS;C:\WINDOWS\System32\Wbem;C:\WINDOWS\System32\WindowsPowerShell\v1.0\;C:\WINDOWS\System32\OpenSSH\;C:\Program Files\nodejs\;C:\ProgramData\chocolatey\bin;C:\Program Files\Git\cmd;C:\Program Files\Docker\Docker\resources\bin;C:\ProgramData\DockerDesktop\version-bin;C:\Users\asus\AppData\Local\Microsoft\WindowsApps;;C:\Program Files\JetBrains\PyCharm Community Edition 2021.2\bin;;C:\Program Files\JetBrains\WebStorm 2021.2.1\bin;;C:\Users\asus\AppData\Roaming\npm
USERNAME=asus
OS=Windows_NT
PROCESSOR_IDENTIFIER=Intel64 Family 6 Model 158 Stepping 10, GenuineIntel



---------------  S Y S T E M  ---------------

OS: Windows 10 , 64 bit Build 22494 (10.0.22494.1000)
OS uptime: 3 days 1:25 hours
Hyper-V role detected

CPU:total 12 (initial active 12) (6 cores per cpu, 2 threads per core) family 6 model 158 stepping 10 microcode 0xec, cmov, cx8, fxsr, mmx, sse, sse2, sse3, ssse3, sse4.1, sse4.2, popcnt, avx, avx2, aes, clmul, erms, 3dnowpref, lzcnt, ht, tsc, tscinvbit, bmi1, bmi2, adx, fma

Memory: 4k page, system-wide physical 16235M (2126M free)
TotalPageFile size 16235M (AvailPageFile size 362M)
current process WorkingSet (physical memory assigned to process): 371M, peak: 381M
current process commit charge ("private bytes"): 469M, peak: 936M

vm_info: OpenJDK 64-Bit Server VM (11.0.12+7-b1504.40) for windows-amd64 JRE (11.0.12+7-b1504.40), built on Sep 23 2021 14:38:03 by "" with MS VC++ 14.0 (VS2015)

END.
